<?xml version="1.0" encoding="UTF-8"?>
<!-- Generated by org.testng.reporters.JUnitReportReporter -->
<testsuite hostname="Dell5250" failures="0" tests="3" name="com.crm.qa.testcases.HomePageTest" time="56.768" errors="0" timestamp="2021-02-08T21:22:51 AST" skipped="0">
  <testcase classname="com.crm.qa.testcases.HomePageTest" name="homePageTitleTest" time="19.595"/>
  <testcase classname="com.crm.qa.testcases.HomePageTest" name="displayNameTest" time="17.511"/>
  <testcase classname="com.crm.qa.testcases.HomePageTest" name="verifyContactsPageLink" time="19.662"/>
</testsuite> <!-- com.crm.qa.testcases.HomePageTest -->
