<?xml version="1.0" encoding="UTF-8"?>
<!-- Generated by org.testng.reporters.JUnitReportReporter -->
<testsuite hostname="Dell5250" failures="0" tests="3" name="com.crm.qa.testcases.LoginPageTest" time="45.547" errors="0" timestamp="2020-12-31T14:29:27 AST" skipped="0">
  <testcase classname="com.crm.qa.testcases.LoginPageTest" name="loginPageTitleTest" time="12.945"/>
  <testcase classname="com.crm.qa.testcases.LoginPageTest" name="loginTest" time="14.879"/>
  <testcase classname="com.crm.qa.testcases.LoginPageTest" name="clickOnSignUpPageLinkTest" time="17.723"/>
</testsuite> <!-- com.crm.qa.testcases.LoginPageTest -->
