<?xml version="1.0" encoding="UTF-8"?>
<!-- Generated by org.testng.reporters.JUnitReportReporter -->
<testsuite hostname="Dell5250" failures="0" tests="5" name="com.crm.qa.testcases.NewContactsPageTest" time="132.002" errors="0" timestamp="2021-02-08T21:22:51 AST" skipped="0">
  <testcase classname="com.crm.qa.testcases.NewContactsPageTest" name="newContactCreationTest" time="25.772"/>
  <testcase classname="com.crm.qa.testcases.NewContactsPageTest" name="newContactCreationTest" time="26.027"/>
  <testcase classname="com.crm.qa.testcases.NewContactsPageTest" name="newContactCreationTest" time="26.316"/>
  <testcase classname="com.crm.qa.testcases.NewContactsPageTest" name="newContactCreationTest" time="24.214"/>
  <testcase classname="com.crm.qa.testcases.NewContactsPageTest" name="newContactCreationTest" time="29.673"/>
</testsuite> <!-- com.crm.qa.testcases.NewContactsPageTest -->
