<?xml version="1.0" encoding="UTF-8"?>
<!-- Generated by org.testng.reporters.JUnitReportReporter -->
<testsuite hostname="Dell5250" failures="0" tests="3" name="com.crm.qa.testcases.LoginPageTest" time="51.536" errors="0" timestamp="2021-02-08T21:47:57 AST" skipped="0">
  <testcase classname="com.crm.qa.testcases.LoginPageTest" name="loginPageTitleTest" time="16.831"/>
  <testcase classname="com.crm.qa.testcases.LoginPageTest" name="loginTest" time="16.060"/>
  <testcase classname="com.crm.qa.testcases.LoginPageTest" name="clickOnSignUpPageLinkTest" time="18.645"/>
</testsuite> <!-- com.crm.qa.testcases.LoginPageTest -->
