<?xml version="1.0" encoding="UTF-8"?>
<!-- Generated by org.testng.reporters.JUnitReportReporter -->
<testsuite skipped="0" hostname="Dell5250" name="com.crm.qa.testcases.LoginPageTest" tests="3" failures="0" timestamp="2021-02-09T00:36:46 AST" time="30.671" errors="0">
  <testcase name="loginPageTitleTest" time="9.369" classname="com.crm.qa.testcases.LoginPageTest"/>
  <system-out/>
  <testcase name="loginTest" time="10.231" classname="com.crm.qa.testcases.LoginPageTest"/>
  <system-out/>
  <testcase name="clickOnSignUpPageLinkTest" time="11.071" classname="com.crm.qa.testcases.LoginPageTest"/>
  <system-out/>
</testsuite> <!-- com.crm.qa.testcases.LoginPageTest -->
