<?xml version="1.0" encoding="UTF-8"?>
<!-- Generated by org.testng.reporters.JUnitReportReporter -->
<testsuite skipped="0" hostname="Dell5250" name="com.crm.qa.testcases.NewContactsPageTest" tests="5" failures="0" timestamp="2021-02-09T00:16:48 AST" time="92.241" errors="0">
  <testcase name="newContactCreationTest" time="18.192" classname="com.crm.qa.testcases.NewContactsPageTest"/>
  <system-out/>
  <testcase name="newContactCreationTest" time="18.799" classname="com.crm.qa.testcases.NewContactsPageTest"/>
  <system-out/>
  <testcase name="newContactCreationTest" time="18.732" classname="com.crm.qa.testcases.NewContactsPageTest"/>
  <system-out/>
  <testcase name="newContactCreationTest" time="17.868" classname="com.crm.qa.testcases.NewContactsPageTest"/>
  <system-out/>
  <testcase name="newContactCreationTest" time="18.650" classname="com.crm.qa.testcases.NewContactsPageTest"/>
  <system-out/>
</testsuite> <!-- com.crm.qa.testcases.NewContactsPageTest -->
