<?xml version="1.0" encoding="UTF-8"?>
<!-- Generated by org.testng.reporters.JUnitReportReporter -->
<testsuite skipped="2" hostname="Dell5250" name="com.crm.qa.testcases.ContactsPageTest" tests="3" failures="0" timestamp="2021-02-09T00:36:46 AST" time="17.601" errors="0">
  <testcase name="contactsLabelTest" time="17.601" classname="com.crm.qa.testcases.ContactsPageTest"/>
  <system-out/>
  <testcase name="singleContactsNameTest" classname="com.crm.qa.testcases.ContactsPageTest">
    <skipped/>
  </testcase> <!-- singleContactsNameTest -->
  <system-out/>
  <testcase name="multipleContactsNameTest" classname="com.crm.qa.testcases.ContactsPageTest">
    <skipped/>
  </testcase> <!-- multipleContactsNameTest -->
  <system-out/>
</testsuite> <!-- com.crm.qa.testcases.ContactsPageTest -->
