<?xml version="1.0" encoding="UTF-8"?>
<!-- Generated by org.testng.reporters.JUnitReportReporter -->
<testsuite skipped="0" hostname="Dell5250" name="com.crm.qa.testcases.HomePageTest" tests="3" failures="0" timestamp="2021-02-09T00:16:48 AST" time="38.071" errors="0">
  <testcase name="homePageTitleTest" time="10.428" classname="com.crm.qa.testcases.HomePageTest"/>
  <system-out/>
  <testcase name="displayNameTest" time="13.079" classname="com.crm.qa.testcases.HomePageTest"/>
  <system-out/>
  <testcase name="verifyContactsPageLink" time="14.564" classname="com.crm.qa.testcases.HomePageTest"/>
  <system-out/>
</testsuite> <!-- com.crm.qa.testcases.HomePageTest -->
