<?xml version="1.0" encoding="UTF-8"?>
<!-- Generated by org.testng.reporters.JUnitReportReporter -->
<testsuite skipped="0" hostname="Dell5250" name="com.crm.qa.testcases.HomePageTest" tests="3" failures="0" timestamp="2021-02-09T00:36:46 AST" time="31.113" errors="0">
  <testcase name="homePageTitleTest" time="8.715" classname="com.crm.qa.testcases.HomePageTest"/>
  <system-out/>
  <testcase name="displayNameTest" time="11.098" classname="com.crm.qa.testcases.HomePageTest"/>
  <system-out/>
  <testcase name="verifyContactsPageLink" time="11.300" classname="com.crm.qa.testcases.HomePageTest"/>
  <system-out/>
</testsuite> <!-- com.crm.qa.testcases.HomePageTest -->
